<?xml version="1.0" encoding="UTF-8"?>
<!-- Generated by org.testng.reporters.JUnitXMLReporter -->
<testsuite ignored="0" hostname="WIN-GAM4UKAKS3J" failures="0" tests="7" name="Test" time="39.101" errors="0" timestamp="2022-09-03T17:35:03 IST">
  <testcase classname="com.seleniumTestNG.tests.HomePageTest" name="verifyHomePageisDisplayed" time="0.162"/>
  <testcase classname="com.seleniumTestNG.tests.ArticlePageTest" name="verifyUserAbleToSearchArticle" time="8.33"/>
  <testcase classname="com.seleniumTestNG.tests.ArticlePageTest" name="verifyTalkHeader" time="12.274"/>
  <testcase classname="com.seleniumTestNG.tests.ArticlePageTest" name="verifyViewHistoryHeader" time="13.159"/>
  <testcase classname="com.seleniumTestNG.tests.ArticlePageTest" name="verifyUserAbleToSearchArticle" time="6.172"/>
  <testcase classname="com.seleniumTestNG.tests.ArticlePageTest" name="verifyViewHistoryHeader" time="5.597"/>
  <testcase classname="com.seleniumTestNG.tests.ArticlePageTest" name="verifyTalkHeader" time="6.74"/>
</testsuite> <!-- Test -->
